<?xml version="1.0" encoding="UTF-8"?>
<!-- Generated by org.testng.reporters.JUnitXMLReporter -->
<testsuite ignored="4" hostname="BANLWR9123HMJ" failures="0" tests="4" name="Pixel_3" time="37.105" errors="0" timestamp="2023-10-15T14:30:38 IST">
  <testcase classname="tests.LoginTests" name="invalidPassword" time="5.724"/>
  <testcase classname="tests.LoginTests" name="invalidUserName" time="3.269"/>
  <testcase classname="tests.LoginTests" name="successfulLogin" time="4.753"/>
  <testcase classname="tests.ProductTests" name="validateProductOnProductsPage" time="1.491"/>
  <testcase classname="testBase.AppTestBase" name="@BeforeSuite beforeSuite" time="0.0">
    <ignored/>
  </testcase> <!-- @BeforeSuite beforeSuite -->
  <testcase classname="testBase.AppTestBase" name="@AfterSuite afterSuite" time="0.0">
    <ignored/>
  </testcase> <!-- @AfterSuite afterSuite -->
  <testcase classname="testBase.AppTestBase" name="@BeforeTest beforeTest" time="0.0">
    <ignored/>
  </testcase> <!-- @BeforeTest beforeTest -->
  <testcase classname="testBase.AppTestBase" name="@AfterTest afterTest" time="0.0">
    <ignored/>
  </testcase> <!-- @AfterTest afterTest -->
</testsuite> <!-- Pixel_3 -->
