<?xml version="1.0" encoding="UTF-8"?>
<!-- Generated by org.testng.reporters.JUnitXMLReporter -->
<testsuite ignored="0" hostname="BANLWR9123HMJ" failures="1" tests="1" name="SecondCase" time="15.889" errors="0" timestamp="2023-10-02T21:02:28 IST">
  <testcase classname="base.TestBase" name="loginTest" time="0.147">
    <failure type="java.lang.AssertionError" message="Login Failed expected [true] but found [false]">
      <![CDATA[java.lang.AssertionError: Login Failed expected [true] but found [false]
at utils.GenericMethods.performLogin(GenericMethods.java:24)
at base.TestBase.loginTest(TestBase.java:103)
at java.base/java.util.ArrayList.forEach(ArrayList.java:1511)
... Removed 28 stack frames]]>
    </failure>
  </testcase> <!-- loginTest -->
</testsuite> <!-- SecondCase -->
